epoch,accuracy,loss,val_accuracy,val_loss
0,0.9245667,0.20096927840740053,0.974711000919342,0.09160179644823074
1,0.9960609,0.01315690069620795,0.9778269529342651,0.062381427735090256
2,0.9980961,0.007012731305293215,0.9132044911384583,0.6063194274902344
3,0.99927783,0.002277653132471894,0.967711329460144,0.047692153602838516
4,0.99862134,0.004710885599446816,0.9818460941314697,0.014742136001586914
5,0.9996061,0.0013295308084890786,0.9859104156494141,0.006139421835541725
6,0.9979648,0.006655603964989633,0.9472543597221375,0.7762904167175293
7,0.9972426,0.010559791333083417,0.9864974617958069,0.05777495726943016
8,0.9982274,0.004675442753236779,0.848943293094635,0.8313605785369873
9,0.9991465,0.0031421115896179087,0.9705111980438232,0.1930578649044037
10,0.9992122,0.0020116554244797203,0.980220377445221,0.10642150044441223
11,0.99927783,0.002832227476635332,0.9864071607589722,0.026208458468317986
12,0.9998687,0.0005082843470311772,0.9794978499412537,0.00023616345424670726
13,1.0,5.4773576675488434e-05,0.9810783863067627,0.18549692630767822
14,0.99671745,0.011531877026531403,0.9408417344093323,0.42864084243774414
15,0.9988183,0.0032706829185349113,0.9865877628326416,0.07268981635570526
16,0.99980307,0.0008818731689146973,0.9808074235916138,0.004699572455137968
17,0.99980307,0.000773046301494579,0.9733110666275024,0.016375338658690453
18,0.9997374,0.0010395833804760063,0.9839234352111816,0.0024782782420516014
19,0.9991465,0.002655189883041333,0.9574151039123535,0.09214040637016296
20,0.99868697,0.0034249569623061916,0.9847814440727234,0.030677475035190582
21,0.99980307,0.001130590914463104,0.9841492176055908,0.14081324636936188
22,0.9981618,0.006290565265384002,0.8831285834312439,0.48168981075286865
23,0.9979648,0.006995321609494812,0.9504154920578003,0.1626976877450943
24,1.0,0.00019942534017059762,0.9832008481025696,0.2115361988544464
25,0.99927783,0.0022038563782135656,0.973175585269928,0.1329798847436905
26,0.9979648,0.0073722977803464046,0.9590408205986023,0.22388955950737
27,0.99927783,0.002062699926343249,0.9728594422340393,0.3977786600589752
28,0.99980307,0.0013469996794004551,0.9874909520149231,0.003775226417928934
29,0.9952731,0.014845717837241857,0.816654622554779,0.5688657760620117
30,0.9963892,0.010570392881645067,0.9901553392410278,0.11304643005132675
31,0.9988183,0.0032506360871899357,0.9822073578834534,0.015440159477293491
32,0.99842435,0.004474631743072346,0.9809429049491882,0.3150879740715027
33,0.9996061,0.001698201592007115,0.9727691411972046,0.10901682823896408
34,0.9998687,0.0005362486652112686,0.98961341381073,0.0008984999731183052
35,0.9996061,0.001651074089451754,0.9885748028755188,0.05175989493727684
36,0.9999344,0.0002877617839687002,0.9880780577659607,0.001104817958548665
37,1.0,0.00011572352830713601,0.9842846989631653,0.002990804146975279
38,1.0,2.0827780618717764e-05,0.982568621635437,0.001566230203025043
39,1.0,1.850971702719754e-05,0.9810332655906677,0.38035398721694946
40,0.99927783,0.002012426577842362,0.9460350275039673,0.66927570104599
41,0.9998687,0.00039773464951624164,0.9800397157669067,0.0005852037575095892
42,0.99842435,0.0040144049932409245,0.965092122554779,0.05550060793757439
43,0.9983587,0.004475549696340671,0.9693822264671326,0.3801679313182831
44,0.99940914,0.0013812325768830336,0.9793171882629395,0.01318930834531784
45,1.0,1.9407669333531406e-05,0.9762464165687561,0.16119921207427979
46,1.0,5.400741839943945e-05,0.9495123028755188,0.40181636810302734
47,0.9997374,0.0008941475666353974,0.9766528010368347,0.001653162995353341
48,1.0,4.484640236003919e-05,0.9742142558097839,0.016053332015872
49,0.99967176,0.001603777883887661,0.9770140647888184,0.06695353984832764
50,0.9993435,0.0014587195674836562,0.9556539058685303,0.2736111581325531
51,0.99862134,0.0040102536032095605,0.9384031891822815,0.5063613653182983
52,0.9992122,0.0025098617431227304,0.9715498685836792,0.10739403963088989
53,0.9998687,0.0008249407200815946,0.9824783205986023,0.23982368409633636
54,0.9992122,0.0022455832755831477,0.9712789058685303,0.08768310397863388
55,0.9999344,0.0006042559765832693,0.9773753881454468,0.17663423717021942
56,0.9998687,0.0007079232010601705,0.9847814440727234,0.34534886479377747
57,0.9999344,0.00017497848044199782,0.9782333970069885,0.05685941502451897
58,1.0,8.826184354765874e-06,0.979949414730072,0.12489750981330872
59,1.0,1.3819745501760579e-05,0.9777366518974304,0.00011174776591360569
60,1.0,4.351047106490521e-06,0.9776462912559509,0.003452906385064125
61,1.0,1.421635155092063e-05,0.9729949235916138,0.17474982142448425
62,1.0,2.70471990454164e-06,0.9721820950508118,0.14534537494182587
63,1.0,2.6226429326522386e-06,0.9708724617958069,0.1891607642173767
64,1.0,6.033489987963895e-06,0.9734013676643372,0.09536164999008179
65,1.0,4.771033080494046e-06,0.9756141901016235,0.11032015830278397
66,1.0,2.320101154525565e-06,0.9763818383216858,0.23195314407348633
67,1.0,5.060991974220095e-06,0.977601170539856,0.4902596175670624
68,1.0,1.461033327393586e-06,0.9755690097808838,0.00014879631635267287
69,1.0,2.0785672670775114e-06,0.9790462255477905,0.08802822977304459
70,1.0,6.283037173964205e-07,0.9779624342918396,0.08446264266967773
71,1.0,4.694367858802474e-07,0.9770592451095581,0.1630692332983017
72,1.0,5.966522101302074e-07,0.9779172539710999,0.06647099554538727
73,1.0,3.4317912470455267e-07,0.978143036365509,0.0646626204252243
74,0.9970457,0.010285200314099711,0.9762464165687561,0.25111594796180725
75,0.99947476,0.0018146892245343123,0.9607117176055908,0.08500639349222183
76,0.9996061,0.001103414487391559,0.9254876971244812,0.49632513523101807
77,0.99967176,0.0011069368385489735,0.9673048853874207,0.03747802600264549
78,0.99967176,0.0009740712889628175,0.9693370461463928,0.031403832137584686
79,0.9996061,0.0012982506961285855,0.9644598960876465,0.140867680311203
80,0.9997374,0.0004634361113001107,0.9639179706573486,0.12908416986465454
81,0.9998687,0.0008579566106670548,0.9461253881454468,0.2782459259033203
82,0.9998687,0.00027265316377516653,0.9782333970069885,0.0844741016626358
83,0.99927783,0.0031605464070048237,0.9665372371673584,0.024116206914186478
84,1.0,0.00012651069775881368,0.9710531234741211,0.005333640147000551
85,1.0,0.00011896047965066595,0.9752528667449951,0.21809795498847961
86,0.9996061,0.0015180040079073036,0.9804461598396301,0.15582455694675446
87,0.9999344,0.0002339737043640963,0.9714595079421997,0.028914662078022957
88,0.9991465,0.004449010363659366,0.9505960941314697,0.10904570668935776
89,0.9998687,0.0006864167330258372,0.9432351589202881,0.11016357690095901
